<?xml version="1.0" encoding="UTF-8"?>
<coverage generated="1571970926183" clover="3.2.0">
  <project timestamp="1571970926183" name="All files">
    <metrics statements="20" coveredstatements="10" conditionals="2" coveredconditionals="0" methods="15" coveredmethods="2" elements="37" coveredelements="12" complexity="0" loc="20" ncloc="20" packages="1" files="1" classes="1"/>
    <file name="file-renamer.js" path="/home/evan/career-track/file-renamer/file-renamer.js">
      <metrics statements="20" coveredstatements="10" conditionals="2" coveredconditionals="0" methods="15" coveredmethods="2"/>
      <line num="1" count="1" type="stmt"/>
      <line num="3" count="1" type="stmt"/>
      <line num="4" count="2" type="stmt"/>
      <line num="6" count="0" type="stmt"/>
      <line num="10" count="1" type="stmt"/>
      <line num="11" count="3" type="stmt"/>
      <line num="13" count="0" type="stmt"/>
      <line num="17" count="1" type="stmt"/>
      <line num="18" count="0" type="stmt"/>
      <line num="21" count="1" type="stmt"/>
      <line num="22" count="0" type="stmt"/>
      <line num="23" count="0" type="stmt"/>
      <line num="25" count="0" type="stmt"/>
      <line num="30" count="1" type="stmt"/>
      <line num="31" count="0" type="stmt"/>
      <line num="32" count="0" type="stmt"/>
      <line num="33" count="0" type="cond" truecount="0" falsecount="2"/>
      <line num="34" count="0" type="stmt"/>
      <line num="40" count="1" type="stmt"/>
      <line num="70" count="1" type="stmt"/>
    </file>
  </project>
</coverage>
