<?xml version="1.0" encoding="UTF-8"?>
<coverage generated="1571969570265" clover="3.2.0">
  <project timestamp="1571969570266" name="All files">
    <metrics statements="11" coveredstatements="6" conditionals="0" coveredconditionals="0" methods="8" coveredmethods="1" elements="19" coveredelements="7" complexity="0" loc="11" ncloc="11" packages="1" files="1" classes="1"/>
    <file name="file-renamer.js" path="/home/evan/career-track/file-renamer/file-renamer.js">
      <metrics statements="11" coveredstatements="6" conditionals="0" coveredconditionals="0" methods="8" coveredmethods="1"/>
      <line num="1" count="1" type="stmt"/>
      <line num="5" count="1" type="stmt"/>
      <line num="6" count="3" type="stmt"/>
      <line num="8" count="0" type="stmt"/>
      <line num="12" count="1" type="stmt"/>
      <line num="13" count="0" type="stmt"/>
      <line num="16" count="1" type="stmt"/>
      <line num="17" count="0" type="stmt"/>
      <line num="18" count="0" type="stmt"/>
      <line num="20" count="0" type="stmt"/>
      <line num="44" count="1" type="stmt"/>
    </file>
  </project>
</coverage>
