TN:
SF:/home/evan/career-track/file-renamer/file-renamer.js
FN:5,(anonymous_0)
FN:7,(anonymous_1)
FN:8,(anonymous_2)
FN:12,(anonymous_3)
FN:13,(anonymous_4)
FN:16,(anonymous_5)
FN:17,(anonymous_6)
FN:19,(anonymous_7)
FNF:8
FNH:1
FNDA:3,(anonymous_0)
FNDA:0,(anonymous_1)
FNDA:0,(anonymous_2)
FNDA:0,(anonymous_3)
FNDA:0,(anonymous_4)
FNDA:0,(anonymous_5)
FNDA:0,(anonymous_6)
FNDA:0,(anonymous_7)
DA:1,1
DA:5,1
DA:6,3
DA:8,0
DA:12,1
DA:13,0
DA:16,1
DA:17,0
DA:18,0
DA:20,0
DA:44,1
LF:11
LH:6
BRF:0
BRH:0
end_of_record
